2012-11-22 16:56:52 [INFO] Starting minecraft server version 1.4.2
2012-11-22 16:56:52 [INFO] Loading properties
2012-11-22 16:56:52 [INFO] Default game type: SURVIVAL
2012-11-22 16:56:52 [INFO] Generating keypair
2012-11-22 16:56:52 [INFO] Starting Minecraft server on *:46099
2012-11-22 16:56:52 [WARNING] Failed to load operators list: java.io.FileNotFoundException: .\ops.txt (The system cannot find the file specified)
2012-11-22 16:56:52 [WARNING] Failed to load white-list: java.io.FileNotFoundException: .\white-list.txt (The system cannot find the file specified)
2012-11-22 16:56:52 [INFO] Preparing level "simple plain test"
2012-11-22 16:56:53 [INFO] Preparing start region for level 0
2012-11-22 16:56:54 [INFO] Preparing spawn area: 9%
2012-11-22 16:56:55 [INFO] Preparing spawn area: 22%
2012-11-22 16:56:56 [INFO] Preparing spawn area: 37%
2012-11-22 16:56:57 [INFO] Preparing spawn area: 52%
2012-11-22 16:56:58 [INFO] Preparing spawn area: 64%
2012-11-22 16:56:59 [INFO] Preparing spawn area: 76%
2012-11-22 16:57:00 [INFO] Preparing spawn area: 90%
2012-11-22 16:57:04 [INFO] Done (7.972s)! For help, type "help" or "?"
2012-11-22 16:57:07 [INFO] Stopping the server
2012-11-22 16:57:07 [INFO] Stopping server
2012-11-22 16:57:07 [INFO] Saving players
2012-11-22 16:57:07 [INFO] Saving worlds
2012-11-22 16:57:07 [INFO] Saving chunks for level 'simple plain test'/Overworld
2012-11-22 16:57:12 [INFO] Saving chunks for level 'simple plain test'/Nether
2012-11-22 16:57:12 [INFO] Saving chunks for level 'simple plain test'/The End
2012-11-22 16:57:15 [INFO] Stopping server
2012-11-22 18:28:45 [INFO] Starting minecraft server version 1.4.5
2012-11-22 18:28:45 [INFO] Loading properties
2012-11-22 18:28:45 [INFO] Default game type: SURVIVAL
2012-11-22 18:28:45 [INFO] Generating keypair
2012-11-22 18:28:45 [INFO] Starting Minecraft server on *:62230
2012-11-22 18:28:45 [INFO] Preparing level "flatland test 2"
2012-11-22 18:28:46 [INFO] Preparing start region for level 0
2012-11-22 18:28:47 [INFO] Preparing spawn area: 6%
2012-11-22 18:28:48 [INFO] Preparing spawn area: 15%
2012-11-22 18:28:49 [INFO] Preparing spawn area: 24%
2012-11-22 18:28:50 [INFO] Preparing spawn area: 34%
2012-11-22 18:28:51 [INFO] Preparing spawn area: 49%
2012-11-22 18:28:52 [INFO] Preparing spawn area: 70%
2012-11-22 18:28:53 [INFO] Preparing spawn area: 93%
2012-11-22 18:28:53 [INFO] Done (7.571s)! For help, type "help" or "?"
2012-11-22 18:28:53 [INFO] Stopping the server
2012-11-22 18:28:53 [INFO] Stopping server
2012-11-22 18:28:53 [INFO] Saving players
2012-11-22 18:28:53 [INFO] Saving worlds
2012-11-22 18:28:53 [INFO] Saving chunks for level 'flatland test 2'/Overworld
2012-11-22 18:28:59 [INFO] Saving chunks for level 'flatland test 2'/Nether
2012-11-22 18:28:59 [INFO] Saving chunks for level 'flatland test 2'/The End
2012-11-22 18:29:03 [INFO] Stopping server
2012-11-22 18:29:03 [INFO] Saving players
2012-11-22 18:29:03 [INFO] Saving worlds
2012-11-22 18:29:03 [INFO] Saving chunks for level 'flatland test 2'/Overworld
2012-11-22 18:29:03 [INFO] Saving chunks for level 'flatland test 2'/Nether
2012-11-22 18:29:03 [INFO] Saving chunks for level 'flatland test 2'/The End
2012-11-27 18:04:05 [INFO] Starting minecraft server version 1.4.5
2012-11-27 18:04:05 [INFO] Loading properties
2012-11-27 18:04:05 [INFO] Default game type: SURVIVAL
2012-11-27 18:04:05 [INFO] Generating keypair
2012-11-27 18:04:06 [INFO] Starting Minecraft server on *:51531
2012-11-27 18:04:06 [INFO] Preparing level "simple plain test 2"
2012-11-27 18:04:06 [INFO] Preparing start region for level 0
2012-11-27 18:04:08 [INFO] Preparing spawn area: 4%
2012-11-27 18:04:09 [INFO] Preparing spawn area: 20%
2012-11-27 18:04:10 [INFO] Preparing spawn area: 43%
2012-11-27 18:04:11 [INFO] Preparing spawn area: 65%
2012-11-27 18:04:12 [INFO] Preparing spawn area: 83%
2012-11-27 18:04:13 [INFO] Done (7.309s)! For help, type "help" or "?"
2012-11-27 18:04:14 [INFO] Stopping the server
2012-11-27 18:04:14 [INFO] Stopping server
2012-11-27 18:04:14 [INFO] Saving players
2012-11-27 18:04:14 [INFO] Saving worlds
2012-11-27 18:04:14 [INFO] Saving chunks for level 'simple plain test 2'/Overworld
2012-11-27 18:04:21 [INFO] Saving chunks for level 'simple plain test 2'/Nether
2012-11-27 18:04:21 [INFO] Saving chunks for level 'simple plain test 2'/The End
